<?xml version="1.0" encoding="UTF-8"?>
<!-- Generated by org.testng.reporters.JUnitXMLReporter -->
<testsuite hostname="RAJ" ignored="0" name="Test" tests="4" failures="1" timestamp="2021-01-25T11:51:11 EST" time="322.783" errors="0">
  <testcase name="HomePageTest1" time="68.51" classname="com.dollardays.testcases.HomePageTestcase"/>
  <testcase name="HomePageTest2" time="6.119" classname="com.dollardays.testcases.HomePageTestcase">
    <failure type="org.openqa.selenium.ElementNotVisibleException" message="element not interactable
  (Session info: chrome=88.0.4324.104)
  (Driver info: chromedriver=88.0.4324.96 (68dba2d8a0b149a1d3afac56fa74648032bcf46b-refs/branch-heads/4324@{#1784}),platform=Windows NT 10.0.19042 x86_64) (WARNING: The server did not provide any stacktrace information)
Command duration or timeout: 18 milliseconds
Build info: version: &amp;apos;2.53.1&amp;apos;, revision: &amp;apos;a36b8b1cd5757287168e54b817830adce9b0158d&amp;apos;, time: &amp;apos;2016-06-30 19:26:09&amp;apos;
System info: host: &amp;apos;RAJ&amp;apos;, ip: &amp;apos;192.168.0.14&amp;apos;, os.name: &amp;apos;Windows 10&amp;apos;, os.arch: &amp;apos;amd64&amp;apos;, os.version: &amp;apos;10.0&amp;apos;, java.version: &amp;apos;1.8.0_261&amp;apos;
Driver info: org.openqa.selenium.chrome.ChromeDriver
Capabilities [{mobileEmulationEnabled=false, timeouts={implicit=0, pageLoad=300000, script=30000}, hasTouchScreen=false, platform=XP, acceptSslCerts=false, goog:chromeOptions={debuggerAddress=localhost:63424}, acceptInsecureCerts=false, webStorageEnabled=true, browserName=chrome, takesScreenshot=true, javascriptEnabled=true, setWindowRect=true, webauthn:extension:largeBlob=true, unexpectedAlertBehaviour=ignore, applicationCacheEnabled=false, rotatable=false, networkConnectionEnabled=false, chrome={chromedriverVersion=88.0.4324.96 (68dba2d8a0b149a1d3afac56fa74648032bcf46b-refs/branch-heads/4324@{#1784}), userDataDir=C:\Users\Rajdeep\AppData\Local\Temp\scoped_dir9500_1516965708}, takesHeapSnapshot=true, pageLoadStrategy=normal, strictFileInteractability=false, databaseEnabled=false, handlesAlerts=true, version=88.0.4324.104, browserConnectionEnabled=false, proxy={}, nativeEvents=true, locationContextEnabled=true, cssSelectorsEnabled=true, webauthn:virtualAuthenticators=true}]
Session ID: 4abbc9e97f3f80fdee71fa289a6550ea">
      <![CDATA[org.openqa.selenium.ElementNotVisibleException: element not interactable
  (Session info: chrome=88.0.4324.104)
  (Driver info: chromedriver=88.0.4324.96 (68dba2d8a0b149a1d3afac56fa74648032bcf46b-refs/branch-heads/4324@{#1784}),platform=Windows NT 10.0.19042 x86_64) (WARNING: The server did not provide any stacktrace information)
Command duration or timeout: 18 milliseconds
Build info: version: '2.53.1', revision: 'a36b8b1cd5757287168e54b817830adce9b0158d', time: '2016-06-30 19:26:09'
System info: host: 'RAJ', ip: '192.168.0.14', os.name: 'Windows 10', os.arch: 'amd64', os.version: '10.0', java.version: '1.8.0_261'
Driver info: org.openqa.selenium.chrome.ChromeDriver
Capabilities [{mobileEmulationEnabled=false, timeouts={implicit=0, pageLoad=300000, script=30000}, hasTouchScreen=false, platform=XP, acceptSslCerts=false, goog:chromeOptions={debuggerAddress=localhost:63424}, acceptInsecureCerts=false, webStorageEnabled=true, browserName=chrome, takesScreenshot=true, javascriptEnabled=true, setWindowRect=true, webauthn:extension:largeBlob=true, unexpectedAlertBehaviour=ignore, applicationCacheEnabled=false, rotatable=false, networkConnectionEnabled=false, chrome={chromedriverVersion=88.0.4324.96 (68dba2d8a0b149a1d3afac56fa74648032bcf46b-refs/branch-heads/4324@{#1784}), userDataDir=C:\Users\Rajdeep\AppData\Local\Temp\scoped_dir9500_1516965708}, takesHeapSnapshot=true, pageLoadStrategy=normal, strictFileInteractability=false, databaseEnabled=false, handlesAlerts=true, version=88.0.4324.104, browserConnectionEnabled=false, proxy={}, nativeEvents=true, locationContextEnabled=true, cssSelectorsEnabled=true, webauthn:virtualAuthenticators=true}]
Session ID: 4abbc9e97f3f80fdee71fa289a6550ea
at org.openqa.selenium.remote.ErrorHandler.createThrowable(ErrorHandler.java:206)
at org.openqa.selenium.remote.ErrorHandler.throwIfResponseFailed(ErrorHandler.java:158)
at org.openqa.selenium.remote.RemoteWebDriver.execute(RemoteWebDriver.java:678)
at org.openqa.selenium.remote.RemoteWebElement.execute(RemoteWebElement.java:327)
at org.openqa.selenium.remote.RemoteWebElement.click(RemoteWebElement.java:85)
at org.openqa.selenium.support.pagefactory.internal.LocatingElementHandler.invoke(LocatingElementHandler.java:51)
at com.sun.proxy.$Proxy9.click(Unknown Source)
at com.dollardays.pages.HomePage.ImgSharetheHealth(HomePage.java:318)
at com.dollardays.testcases.HomePageTestcase.HomePageTest2(HomePageTestcase.java:108)
at java.util.ArrayList.forEach(ArrayList.java:1259)
... Removed 35 stack frames]]>
    </failure>
  </testcase> <!-- HomePageTest2 -->
  <testcase name="HomePageTest6" time="78.059" classname="com.dollardays.testcases.HomePageTestcase"/>
  <testcase name="HomePageTest5" time="117.924" classname="com.dollardays.testcases.HomePageTestcase"/>
</testsuite> <!-- Test -->
