<?xml version="1.0" encoding="UTF-8"?>
<testng-results skipped="0" failed="1" ignored="0" total="4" passed="3">
  <reporter-output>
  </reporter-output>
  <suite name="Suite" duration-ms="322783" started-at="2021-01-25T11:45:48 EST" finished-at="2021-01-25T11:51:11 EST">
    <groups>
    </groups>
    <test name="Test" duration-ms="322783" started-at="2021-01-25T11:45:48 EST" finished-at="2021-01-25T11:51:11 EST">
      <class name="com.dollardays.testcases.HomePageTestcase">
        <test-method status="PASS" signature="beforeClass()[pri:0, instance:com.dollardays.testcases.HomePageTestcase@7ff2a664]" name="beforeClass" is-config="true" duration-ms="15" started-at="2021-01-25T11:45:48 EST" finished-at="2021-01-25T11:45:48 EST">
          <reporter-output>
          </reporter-output>
        </test-method> <!-- beforeClass -->
        <test-method status="PASS" signature="setUpBrowser()[pri:0, instance:com.dollardays.testcases.HomePageTestcase@7ff2a664]" name="setUpBrowser" is-config="true" duration-ms="7717" started-at="2021-01-25T11:45:48 EST" finished-at="2021-01-25T11:45:56 EST">
          <reporter-output>
          </reporter-output>
        </test-method> <!-- setUpBrowser -->
        <test-method status="PASS" signature="HomePageTest1()[pri:1, instance:com.dollardays.testcases.HomePageTestcase@7ff2a664]" name="HomePageTest1" duration-ms="68510" started-at="2021-01-25T11:45:56 EST" finished-at="2021-01-25T11:47:04 EST">
          <reporter-output>
          </reporter-output>
        </test-method> <!-- HomePageTest1 -->
        <test-method status="PASS" signature="quit()[pri:0, instance:com.dollardays.testcases.HomePageTestcase@7ff2a664]" name="quit" is-config="true" duration-ms="5360" started-at="2021-01-25T11:47:04 EST" finished-at="2021-01-25T11:47:09 EST">
          <reporter-output>
          </reporter-output>
        </test-method> <!-- quit -->
        <test-method status="PASS" signature="setUpBrowser()[pri:0, instance:com.dollardays.testcases.HomePageTestcase@7ff2a664]" name="setUpBrowser" is-config="true" duration-ms="7023" started-at="2021-01-25T11:47:09 EST" finished-at="2021-01-25T11:47:16 EST">
          <reporter-output>
          </reporter-output>
        </test-method> <!-- setUpBrowser -->
        <test-method status="FAIL" signature="HomePageTest2()[pri:2, instance:com.dollardays.testcases.HomePageTestcase@7ff2a664]" name="HomePageTest2" duration-ms="6119" started-at="2021-01-25T11:47:16 EST" finished-at="2021-01-25T11:47:23 EST">
          <exception class="org.openqa.selenium.ElementNotVisibleException">
            <message>
              <![CDATA[element not interactable
  (Session info: chrome=88.0.4324.104)
  (Driver info: chromedriver=88.0.4324.96 (68dba2d8a0b149a1d3afac56fa74648032bcf46b-refs/branch-heads/4324@{#1784}),platform=Windows NT 10.0.19042 x86_64) (WARNING: The server did not provide any stacktrace information)
Command duration or timeout: 18 milliseconds
Build info: version: '2.53.1', revision: 'a36b8b1cd5757287168e54b817830adce9b0158d', time: '2016-06-30 19:26:09'
System info: host: 'RAJ', ip: '192.168.0.14', os.name: 'Windows 10', os.arch: 'amd64', os.version: '10.0', java.version: '1.8.0_261'
Driver info: org.openqa.selenium.chrome.ChromeDriver
Capabilities [{mobileEmulationEnabled=false, timeouts={implicit=0, pageLoad=300000, script=30000}, hasTouchScreen=false, platform=XP, acceptSslCerts=false, goog:chromeOptions={debuggerAddress=localhost:63424}, acceptInsecureCerts=false, webStorageEnabled=true, browserName=chrome, takesScreenshot=true, javascriptEnabled=true, setWindowRect=true, webauthn:extension:largeBlob=true, unexpectedAlertBehaviour=ignore, applicationCacheEnabled=false, rotatable=false, networkConnectionEnabled=false, chrome={chromedriverVersion=88.0.4324.96 (68dba2d8a0b149a1d3afac56fa74648032bcf46b-refs/branch-heads/4324@{#1784}), userDataDir=C:\Users\Rajdeep\AppData\Local\Temp\scoped_dir9500_1516965708}, takesHeapSnapshot=true, pageLoadStrategy=normal, strictFileInteractability=false, databaseEnabled=false, handlesAlerts=true, version=88.0.4324.104, browserConnectionEnabled=false, proxy={}, nativeEvents=true, locationContextEnabled=true, cssSelectorsEnabled=true, webauthn:virtualAuthenticators=true}]
Session ID: 4abbc9e97f3f80fdee71fa289a6550ea]]>
            </message>
            <full-stacktrace>
              <![CDATA[org.openqa.selenium.ElementNotVisibleException: element not interactable
  (Session info: chrome=88.0.4324.104)
  (Driver info: chromedriver=88.0.4324.96 (68dba2d8a0b149a1d3afac56fa74648032bcf46b-refs/branch-heads/4324@{#1784}),platform=Windows NT 10.0.19042 x86_64) (WARNING: The server did not provide any stacktrace information)
Command duration or timeout: 18 milliseconds
Build info: version: '2.53.1', revision: 'a36b8b1cd5757287168e54b817830adce9b0158d', time: '2016-06-30 19:26:09'
System info: host: 'RAJ', ip: '192.168.0.14', os.name: 'Windows 10', os.arch: 'amd64', os.version: '10.0', java.version: '1.8.0_261'
Driver info: org.openqa.selenium.chrome.ChromeDriver
Capabilities [{mobileEmulationEnabled=false, timeouts={implicit=0, pageLoad=300000, script=30000}, hasTouchScreen=false, platform=XP, acceptSslCerts=false, goog:chromeOptions={debuggerAddress=localhost:63424}, acceptInsecureCerts=false, webStorageEnabled=true, browserName=chrome, takesScreenshot=true, javascriptEnabled=true, setWindowRect=true, webauthn:extension:largeBlob=true, unexpectedAlertBehaviour=ignore, applicationCacheEnabled=false, rotatable=false, networkConnectionEnabled=false, chrome={chromedriverVersion=88.0.4324.96 (68dba2d8a0b149a1d3afac56fa74648032bcf46b-refs/branch-heads/4324@{#1784}), userDataDir=C:\Users\Rajdeep\AppData\Local\Temp\scoped_dir9500_1516965708}, takesHeapSnapshot=true, pageLoadStrategy=normal, strictFileInteractability=false, databaseEnabled=false, handlesAlerts=true, version=88.0.4324.104, browserConnectionEnabled=false, proxy={}, nativeEvents=true, locationContextEnabled=true, cssSelectorsEnabled=true, webauthn:virtualAuthenticators=true}]
Session ID: 4abbc9e97f3f80fdee71fa289a6550ea
at sun.reflect.NativeConstructorAccessorImpl.newInstance0(Native Method)
at sun.reflect.NativeConstructorAccessorImpl.newInstance(NativeConstructorAccessorImpl.java:62)
at sun.reflect.DelegatingConstructorAccessorImpl.newInstance(DelegatingConstructorAccessorImpl.java:45)
at java.lang.reflect.Constructor.newInstance(Constructor.java:423)
at org.openqa.selenium.remote.ErrorHandler.createThrowable(ErrorHandler.java:206)
at org.openqa.selenium.remote.ErrorHandler.throwIfResponseFailed(ErrorHandler.java:158)
at org.openqa.selenium.remote.RemoteWebDriver.execute(RemoteWebDriver.java:678)
at org.openqa.selenium.remote.RemoteWebElement.execute(RemoteWebElement.java:327)
at org.openqa.selenium.remote.RemoteWebElement.click(RemoteWebElement.java:85)
at sun.reflect.NativeMethodAccessorImpl.invoke0(Native Method)
at sun.reflect.NativeMethodAccessorImpl.invoke(NativeMethodAccessorImpl.java:62)
at sun.reflect.DelegatingMethodAccessorImpl.invoke(DelegatingMethodAccessorImpl.java:43)
at java.lang.reflect.Method.invoke(Method.java:498)
at org.openqa.selenium.support.pagefactory.internal.LocatingElementHandler.invoke(LocatingElementHandler.java:51)
at com.sun.proxy.$Proxy9.click(Unknown Source)
at com.dollardays.pages.HomePage.ImgSharetheHealth(HomePage.java:318)
at com.dollardays.testcases.HomePageTestcase.HomePageTest2(HomePageTestcase.java:108)
at sun.reflect.NativeMethodAccessorImpl.invoke0(Native Method)
at sun.reflect.NativeMethodAccessorImpl.invoke(NativeMethodAccessorImpl.java:62)
at sun.reflect.DelegatingMethodAccessorImpl.invoke(DelegatingMethodAccessorImpl.java:43)
at java.lang.reflect.Method.invoke(Method.java:498)
at org.testng.internal.MethodInvocationHelper.invokeMethod(MethodInvocationHelper.java:132)
at org.testng.internal.TestInvoker.invokeMethod(TestInvoker.java:599)
at org.testng.internal.TestInvoker.invokeTestMethod(TestInvoker.java:174)
at org.testng.internal.MethodRunner.runInSequence(MethodRunner.java:46)
at org.testng.internal.TestInvoker$MethodInvocationAgent.invoke(TestInvoker.java:822)
at org.testng.internal.TestInvoker.invokeTestMethods(TestInvoker.java:147)
at org.testng.internal.TestMethodWorker.invokeTestMethods(TestMethodWorker.java:146)
at org.testng.internal.TestMethodWorker.run(TestMethodWorker.java:128)
at java.util.ArrayList.forEach(ArrayList.java:1259)
at org.testng.TestRunner.privateRun(TestRunner.java:764)
at org.testng.TestRunner.run(TestRunner.java:585)
at org.testng.SuiteRunner.runTest(SuiteRunner.java:384)
at org.testng.SuiteRunner.runSequentially(SuiteRunner.java:378)
at org.testng.SuiteRunner.privateRun(SuiteRunner.java:337)
at org.testng.SuiteRunner.run(SuiteRunner.java:286)
at org.testng.SuiteRunnerWorker.runSuite(SuiteRunnerWorker.java:53)
at org.testng.SuiteRunnerWorker.run(SuiteRunnerWorker.java:96)
at org.testng.TestNG.runSuitesSequentially(TestNG.java:1218)
at org.testng.TestNG.runSuitesLocally(TestNG.java:1140)
at org.testng.TestNG.runSuites(TestNG.java:1069)
at org.testng.TestNG.run(TestNG.java:1037)
at org.testng.remote.AbstractRemoteTestNG.run(AbstractRemoteTestNG.java:115)
at org.testng.remote.RemoteTestNG.initAndRun(RemoteTestNG.java:251)
at org.testng.remote.RemoteTestNG.main(RemoteTestNG.java:77)
]]>
            </full-stacktrace>
          </exception> <!-- org.openqa.selenium.ElementNotVisibleException -->
          <reporter-output>
          </reporter-output>
        </test-method> <!-- HomePageTest2 -->
        <test-method status="PASS" signature="quit()[pri:0, instance:com.dollardays.testcases.HomePageTestcase@7ff2a664]" name="quit" is-config="true" duration-ms="4881" started-at="2021-01-25T11:47:23 EST" finished-at="2021-01-25T11:47:27 EST">
          <reporter-output>
          </reporter-output>
        </test-method> <!-- quit -->
        <test-method status="PASS" signature="setUpBrowser()[pri:0, instance:com.dollardays.testcases.HomePageTestcase@7ff2a664]" name="setUpBrowser" is-config="true" duration-ms="6919" started-at="2021-01-25T11:47:27 EST" finished-at="2021-01-25T11:47:34 EST">
          <reporter-output>
          </reporter-output>
        </test-method> <!-- setUpBrowser -->
        <test-method status="PASS" signature="HomePageTest6()[pri:3, instance:com.dollardays.testcases.HomePageTestcase@7ff2a664]" name="HomePageTest6" duration-ms="78059" started-at="2021-01-25T11:47:34 EST" finished-at="2021-01-25T11:48:52 EST">
          <reporter-output>
          </reporter-output>
        </test-method> <!-- HomePageTest6 -->
        <test-method status="PASS" signature="quit()[pri:0, instance:com.dollardays.testcases.HomePageTestcase@7ff2a664]" name="quit" is-config="true" duration-ms="5235" started-at="2021-01-25T11:48:52 EST" finished-at="2021-01-25T11:48:58 EST">
          <reporter-output>
          </reporter-output>
        </test-method> <!-- quit -->
        <test-method status="PASS" signature="setUpBrowser()[pri:0, instance:com.dollardays.testcases.HomePageTestcase@7ff2a664]" name="setUpBrowser" is-config="true" duration-ms="9737" started-at="2021-01-25T11:48:58 EST" finished-at="2021-01-25T11:49:07 EST">
          <reporter-output>
          </reporter-output>
        </test-method> <!-- setUpBrowser -->
        <test-method status="PASS" signature="HomePageTest5()[pri:4, instance:com.dollardays.testcases.HomePageTestcase@7ff2a664]" name="HomePageTest5" duration-ms="117924" started-at="2021-01-25T11:49:07 EST" finished-at="2021-01-25T11:51:05 EST">
          <reporter-output>
          </reporter-output>
        </test-method> <!-- HomePageTest5 -->
        <test-method status="PASS" signature="quit()[pri:0, instance:com.dollardays.testcases.HomePageTestcase@7ff2a664]" name="quit" is-config="true" duration-ms="5210" started-at="2021-01-25T11:51:05 EST" finished-at="2021-01-25T11:51:10 EST">
          <reporter-output>
          </reporter-output>
        </test-method> <!-- quit -->
        <test-method status="PASS" signature="afterClass()[pri:0, instance:com.dollardays.testcases.HomePageTestcase@7ff2a664]" name="afterClass" is-config="true" duration-ms="0" started-at="2021-01-25T11:51:11 EST" finished-at="2021-01-25T11:51:11 EST">
          <reporter-output>
          </reporter-output>
        </test-method> <!-- afterClass -->
      </class> <!-- com.dollardays.testcases.HomePageTestcase -->
    </test> <!-- Test -->
  </suite> <!-- Suite -->
</testng-results>
